<?xml version="1.0" encoding="UTF-8"?>
<!-- Generated by org.testng.reporters.JUnitReportReporter -->
<testsuite hostname="Ankush" failures="0" tests="6" name="com.hms.runner.TestRunner" time="179.794" errors="0" timestamp="2025-09-07T14:37:22 IST" skipped="0">
  <testcase classname="com.hms.runner.TestRunner" name="runScenario" time="23.417"/>
  <testcase classname="com.hms.runner.TestRunner" name="runScenario" time="46.398"/>
  <testcase classname="com.hms.runner.TestRunner" name="runScenario" time="15.519"/>
  <testcase classname="com.hms.runner.TestRunner" name="runScenario" time="60.729"/>
  <testcase classname="com.hms.runner.TestRunner" name="runScenario" time="18.745"/>
  <testcase classname="com.hms.runner.TestRunner" name="runScenario" time="14.986"/>
</testsuite> <!-- com.hms.runner.TestRunner -->
